3/21/2019 8:33:31 PM	Alyson	Android© Build-Tools: Selected path is not valid
3/21/2019 8:33:31 PM	Alyson	The application was started successfully
3/21/2019 8:34:09 PM	Alyson	Android© Build-Tools: Selected path is not valid
3/21/2019 8:34:09 PM	Alyson	The application was started successfully
3/21/2019 8:34:13 PM	Alyson	The application was started successfully
3/21/2019 8:36:03 PM	Alyson	Android Build-Tools: Valid => Version: 28.0.3 / PathC:\Users\Alyson\AppData\Local\Android\Sdk\build-tools
3/21/2019 8:36:25 PM	Alyson	Keyfile creation failed due to missing key information
3/21/2019 8:37:01 PM	Alyson	An error occured while creating your keyfile "".
3/21/2019 8:37:46 PM	Alyson	Your keyfile"keystore.jks" was created successfully!
3/21/2019 8:38:42 PM	Alyson	Your application was aligned successfully.
3/21/2019 8:38:58 PM	Alyson	Your application was aligned and signed successfully.
3/21/2019 8:44:49 PM	Alyson	Your application was aligned successfully.
3/21/2019 8:44:57 PM	Alyson	Your application was aligned and signed successfully.
3/21/2019 8:51:47 PM	Alyson	Android Build-Tools: Valid => Version: 28.0.3 / PathC:\Users\Alyson\AppData\Local\Android\Sdk\build-tools
3/21/2019 8:51:47 PM	Alyson	The application was started successfully
3/21/2019 8:52:24 PM	Alyson	Your application was aligned successfully.
3/21/2019 8:52:34 PM	Alyson	Your application was aligned and signed successfully.
4/10/2019 7:05:38 PM	Alyson	The application was started successfully
4/10/2019 7:06:57 PM	Alyson	Your application was aligned successfully.
4/10/2019 7:07:17 PM	Alyson	Your application was aligned and signed successfully.
